Command line
python C:\Users\kresh\anaconda3\envs\chemprop\Scripts\chemprop_train --data_path .\FCNN4Molecules\Toxicity-FCNN\chemprop\LC50\LC50(train).csv --dataset_type regression --save_dir .\FCNN4Molecules\Toxicity-FCNN\chemprop\LC50
Args
{'activation': 'ReLU',
 'adding_bond_types': True,
 'adding_h': False,
 'aggregation': 'mean',
 'aggregation_norm': 100,
 'atom_constraints': [],
 'atom_descriptor_scaling': True,
 'atom_descriptors': None,
 'atom_descriptors_path': None,
 'atom_descriptors_size': 0,
 'atom_features_size': 0,
 'atom_messages': False,
 'atom_targets': [],
 'batch_size': 50,
 'bias': False,
 'bias_solvent': False,
 'bond_constraints': [],
 'bond_descriptor_scaling': True,
 'bond_descriptors': None,
 'bond_descriptors_path': None,
 'bond_descriptors_size': 0,
 'bond_features_size': 0,
 'bond_targets': [],
 'cache_cutoff': 10000,
 'checkpoint_dir': None,
 'checkpoint_frzn': None,
 'checkpoint_path': None,
 'checkpoint_paths': None,
 'class_balance': False,
 'config_path': None,
 'constraints_path': None,
 'crossval_index_dir': None,
 'crossval_index_file': None,
 'crossval_index_sets': None,
 'cuda': False,
 'data_path': '.\\FCNN4Molecules\\Toxicity-FCNN\\chemprop\\LC50\\LC50(train).csv',
 'data_weights_path': None,
 'dataset_type': 'regression',
 'depth': 3,
 'depth_solvent': 3,
 'device': device(type='cpu'),
 'dropout': 0.0,
 'empty_cache': False,
 'ensemble_size': 1,
 'epochs': 30,
 'evidential_regularization': 0,
 'explicit_h': False,
 'extra_metrics': [],
 'features_generator': None,
 'features_only': False,
 'features_path': None,
 'features_scaling': True,
 'features_size': None,
 'ffn_hidden_size': 300,
 'ffn_num_layers': 2,
 'final_lr': 0.0001,
 'folds_file': None,
 'freeze_first_only': False,
 'frzn_ffn_layers': 0,
 'gpu': None,
 'grad_clip': None,
 'hidden_size': 300,
 'hidden_size_solvent': 300,
 'ignore_columns': None,
 'init_lr': 0.0001,
 'is_atom_bond_targets': False,
 'keeping_atom_map': False,
 'log_frequency': 10,
 'loss_function': 'mse',
 'max_data_size': None,
 'max_lr': 0.001,
 'metric': 'rmse',
 'metrics': ['rmse'],
 'minimize_score': True,
 'mpn_shared': False,
 'multiclass_num_classes': 3,
 'no_adding_bond_types': False,
 'no_atom_descriptor_scaling': False,
 'no_bond_descriptor_scaling': False,
 'no_cache_mol': False,
 'no_cuda': False,
 'no_features_scaling': False,
 'no_shared_atom_bond_ffn': False,
 'num_folds': 1,
 'num_lrs': 1,
 'num_tasks': 1,
 'num_workers': 8,
 'number_of_molecules': 1,
 'overwrite_default_atom_features': False,
 'overwrite_default_bond_features': False,
 'phase_features_path': None,
 'pytorch_seed': 0,
 'quiet': False,
 'reaction': False,
 'reaction_mode': 'reac_diff',
 'reaction_solvent': False,
 'resume_experiment': False,
 'save_dir': '.\\FCNN4Molecules\\Toxicity-FCNN\\chemprop\\LC50',
 'save_preds': False,
 'save_smiles_splits': False,
 'seed': 0,
 'separate_test_atom_descriptors_path': None,
 'separate_test_bond_descriptors_path': None,
 'separate_test_constraints_path': None,
 'separate_test_features_path': None,
 'separate_test_path': None,
 'separate_test_phase_features_path': None,
 'separate_val_atom_descriptors_path': None,
 'separate_val_bond_descriptors_path': None,
 'separate_val_constraints_path': None,
 'separate_val_features_path': None,
 'separate_val_path': None,
 'separate_val_phase_features_path': None,
 'shared_atom_bond_ffn': True,
 'show_individual_scores': False,
 'smiles_columns': ['SMILES'],
 'spectra_activation': 'exp',
 'spectra_phase_mask_path': None,
 'spectra_target_floor': 1e-08,
 'split_key_molecule': 0,
 'split_sizes': [0.8, 0.1, 0.1],
 'split_type': 'random',
 'target_columns': None,
 'target_weights': None,
 'task_names': ['LC50'],
 'test': False,
 'test_fold_index': None,
 'train_data_size': None,
 'undirected': False,
 'use_input_features': False,
 'val_fold_index': None,
 'warmup_epochs': 2.0,
 'weights_ffn_num_layers': 2}
Setting molecule featurization parameters to default.
Loading data
Number of tasks = 1
Fold 0
Splitting data with seed 0
Total size = 11,454 | train size = 9,163 | val size = 1,145 | test size = 1,146
Fitting scaler
Building model 0
MoleculeModel(
  (encoder): MPN(
    (encoder): ModuleList(
      (0): MPNEncoder(
        (dropout): Dropout(p=0.0, inplace=False)
        (act_func): ReLU()
        (W_i): Linear(in_features=147, out_features=300, bias=False)
        (W_h): Linear(in_features=300, out_features=300, bias=False)
        (W_o): Linear(in_features=433, out_features=300, bias=True)
      )
    )
  )
  (readout): Sequential(
    (0): Dropout(p=0.0, inplace=False)
    (1): Linear(in_features=300, out_features=300, bias=True)
    (2): ReLU()
    (3): Dropout(p=0.0, inplace=False)
    (4): Linear(in_features=300, out_features=1, bias=True)
  )
)
Number of parameters = 355,201
Epoch 0
Loss = 8.8461e-01, PNorm = 34.0111, GNorm = 5.7129, lr_0 = 1.2705e-04
Loss = 8.1579e-01, PNorm = 34.0137, GNorm = 2.9034, lr_0 = 1.5164e-04
Loss = 8.4756e-01, PNorm = 34.0192, GNorm = 1.2299, lr_0 = 1.7623e-04
Loss = 8.2943e-01, PNorm = 34.0278, GNorm = 1.6045, lr_0 = 2.0082e-04
Loss = 6.4388e-01, PNorm = 34.0380, GNorm = 3.6351, lr_0 = 2.2541e-04
Loss = 6.0645e-01, PNorm = 34.0514, GNorm = 8.8014, lr_0 = 2.5000e-04
Loss = 5.1824e-01, PNorm = 34.0661, GNorm = 11.0329, lr_0 = 2.7459e-04
Loss = 5.6209e-01, PNorm = 34.0805, GNorm = 2.3313, lr_0 = 2.9918e-04
Loss = 5.2212e-01, PNorm = 34.0942, GNorm = 4.0640, lr_0 = 3.2377e-04
Loss = 4.7649e-01, PNorm = 34.1108, GNorm = 6.4162, lr_0 = 3.4836e-04
Loss = 4.1874e-01, PNorm = 34.1241, GNorm = 10.1481, lr_0 = 3.7295e-04
Loss = 3.8526e-01, PNorm = 34.1379, GNorm = 10.1640, lr_0 = 3.9754e-04
Loss = 3.1667e-01, PNorm = 34.1529, GNorm = 4.2674, lr_0 = 4.2213e-04
Loss = 3.5793e-01, PNorm = 34.1716, GNorm = 6.0645, lr_0 = 4.4672e-04
Loss = 3.1216e-01, PNorm = 34.1877, GNorm = 8.4757, lr_0 = 4.7131e-04
Loss = 3.0503e-01, PNorm = 34.2015, GNorm = 9.7079, lr_0 = 4.9590e-04
Loss = 2.4922e-01, PNorm = 34.2205, GNorm = 7.6346, lr_0 = 5.2049e-04
Loss = 2.7228e-01, PNorm = 34.2385, GNorm = 10.8207, lr_0 = 5.4508e-04
Validation rmse = 0.790259
Epoch 1
Loss = 3.0054e-01, PNorm = 34.2589, GNorm = 12.3684, lr_0 = 5.7213e-04
Loss = 3.0954e-01, PNorm = 34.2770, GNorm = 1.8583, lr_0 = 5.9672e-04
Loss = 2.4362e-01, PNorm = 34.2991, GNorm = 5.6334, lr_0 = 6.2131e-04
Loss = 2.0840e-01, PNorm = 34.3173, GNorm = 6.4707, lr_0 = 6.4590e-04
Loss = 2.3786e-01, PNorm = 34.3368, GNorm = 6.6210, lr_0 = 6.7049e-04
Loss = 3.0953e-01, PNorm = 34.3627, GNorm = 16.8296, lr_0 = 6.9508e-04
Loss = 2.4871e-01, PNorm = 34.3876, GNorm = 2.5236, lr_0 = 7.1967e-04
Loss = 2.1704e-01, PNorm = 34.4085, GNorm = 5.7370, lr_0 = 7.4426e-04
Loss = 2.1851e-01, PNorm = 34.4296, GNorm = 1.7269, lr_0 = 7.6885e-04
Loss = 2.4596e-01, PNorm = 34.4463, GNorm = 5.0651, lr_0 = 7.9344e-04
Loss = 2.8197e-01, PNorm = 34.4744, GNorm = 9.7628, lr_0 = 8.1803e-04
Loss = 2.2338e-01, PNorm = 34.5044, GNorm = 5.1833, lr_0 = 8.4262e-04
Loss = 2.0129e-01, PNorm = 34.5320, GNorm = 10.7462, lr_0 = 8.6721e-04
Loss = 2.2133e-01, PNorm = 34.5538, GNorm = 5.2969, lr_0 = 8.9180e-04
Loss = 2.1989e-01, PNorm = 34.5779, GNorm = 5.1881, lr_0 = 9.1639e-04
Loss = 2.4882e-01, PNorm = 34.5954, GNorm = 2.5212, lr_0 = 9.4098e-04
Loss = 2.1358e-01, PNorm = 34.6284, GNorm = 7.9616, lr_0 = 9.6557e-04
Loss = 1.9174e-01, PNorm = 34.6624, GNorm = 2.1995, lr_0 = 9.9016e-04
Validation rmse = 0.541448
Epoch 2
Loss = 1.5853e-01, PNorm = 34.6955, GNorm = 1.3384, lr_0 = 9.9686e-04
Loss = 1.9467e-01, PNorm = 34.7265, GNorm = 2.0597, lr_0 = 9.9239e-04
Loss = 1.8691e-01, PNorm = 34.7576, GNorm = 11.8806, lr_0 = 9.8794e-04
Loss = 2.3885e-01, PNorm = 34.7865, GNorm = 3.7014, lr_0 = 9.8351e-04
Loss = 1.7899e-01, PNorm = 34.8086, GNorm = 6.5516, lr_0 = 9.7910e-04
Loss = 1.7332e-01, PNorm = 34.8325, GNorm = 3.7419, lr_0 = 9.7471e-04
Loss = 2.0532e-01, PNorm = 34.8681, GNorm = 3.2476, lr_0 = 9.7034e-04
Loss = 1.8191e-01, PNorm = 34.9012, GNorm = 2.8657, lr_0 = 9.6599e-04
Loss = 1.9400e-01, PNorm = 34.9307, GNorm = 4.7383, lr_0 = 9.6166e-04
Loss = 1.6273e-01, PNorm = 34.9555, GNorm = 1.7043, lr_0 = 9.5735e-04
Loss = 1.6395e-01, PNorm = 34.9791, GNorm = 3.7502, lr_0 = 9.5305e-04
Loss = 1.6448e-01, PNorm = 34.9998, GNorm = 4.6622, lr_0 = 9.4878e-04
Loss = 1.4533e-01, PNorm = 35.0204, GNorm = 1.4771, lr_0 = 9.4453e-04
Loss = 1.7171e-01, PNorm = 35.0383, GNorm = 10.4821, lr_0 = 9.4029e-04
Loss = 1.7077e-01, PNorm = 35.0565, GNorm = 8.5866, lr_0 = 9.3608e-04
Loss = 1.7334e-01, PNorm = 35.0866, GNorm = 1.7770, lr_0 = 9.3188e-04
Loss = 1.5847e-01, PNorm = 35.1169, GNorm = 4.6052, lr_0 = 9.2770e-04
Loss = 1.6452e-01, PNorm = 35.1422, GNorm = 11.9733, lr_0 = 9.2354e-04
Validation rmse = 0.578639
Epoch 3
Loss = 1.9245e-01, PNorm = 35.1662, GNorm = 5.9462, lr_0 = 9.1899e-04
Loss = 1.7001e-01, PNorm = 35.1872, GNorm = 3.1187, lr_0 = 9.1487e-04
Loss = 1.5205e-01, PNorm = 35.2061, GNorm = 1.2341, lr_0 = 9.1077e-04
Loss = 1.4562e-01, PNorm = 35.2313, GNorm = 1.7173, lr_0 = 9.0668e-04
Loss = 1.4034e-01, PNorm = 35.2443, GNorm = 3.9232, lr_0 = 9.0262e-04
Loss = 1.3371e-01, PNorm = 35.2618, GNorm = 2.5464, lr_0 = 8.9857e-04
Loss = 1.2957e-01, PNorm = 35.2811, GNorm = 1.7448, lr_0 = 8.9454e-04
Loss = 1.3829e-01, PNorm = 35.3003, GNorm = 2.0259, lr_0 = 8.9053e-04
Loss = 1.4686e-01, PNorm = 35.3204, GNorm = 1.9398, lr_0 = 8.8654e-04
Loss = 1.2836e-01, PNorm = 35.3430, GNorm = 5.4169, lr_0 = 8.8256e-04
Loss = 1.2575e-01, PNorm = 35.3617, GNorm = 1.4635, lr_0 = 8.7861e-04
Loss = 1.2581e-01, PNorm = 35.3759, GNorm = 1.5982, lr_0 = 8.7467e-04
Loss = 1.4123e-01, PNorm = 35.3937, GNorm = 4.0738, lr_0 = 8.7074e-04
Loss = 1.4302e-01, PNorm = 35.4105, GNorm = 7.5162, lr_0 = 8.6684e-04
Loss = 2.0368e-01, PNorm = 35.4323, GNorm = 8.3051, lr_0 = 8.6295e-04
Loss = 1.5757e-01, PNorm = 35.4588, GNorm = 2.2082, lr_0 = 8.5908e-04
Loss = 1.6110e-01, PNorm = 35.4814, GNorm = 6.9792, lr_0 = 8.5523e-04
Loss = 1.6737e-01, PNorm = 35.4947, GNorm = 2.0906, lr_0 = 8.5140e-04
Loss = 1.2959e-01, PNorm = 35.5124, GNorm = 1.0409, lr_0 = 8.4758e-04
Validation rmse = 0.506186
Epoch 4
Loss = 1.2421e-01, PNorm = 35.5287, GNorm = 1.8140, lr_0 = 8.4378e-04
Loss = 1.3712e-01, PNorm = 35.5456, GNorm = 3.9678, lr_0 = 8.4000e-04
Loss = 1.3675e-01, PNorm = 35.5639, GNorm = 6.3285, lr_0 = 8.3623e-04
Loss = 1.1925e-01, PNorm = 35.5734, GNorm = 3.0456, lr_0 = 8.3248e-04
Loss = 1.3601e-01, PNorm = 35.5930, GNorm = 6.6138, lr_0 = 8.2875e-04
Loss = 1.3738e-01, PNorm = 35.6162, GNorm = 4.3832, lr_0 = 8.2503e-04
Loss = 1.1867e-01, PNorm = 35.6283, GNorm = 1.7405, lr_0 = 8.2133e-04
Loss = 1.1858e-01, PNorm = 35.6509, GNorm = 1.7754, lr_0 = 8.1765e-04
Loss = 1.0980e-01, PNorm = 35.6682, GNorm = 0.6928, lr_0 = 8.1399e-04
Loss = 1.4168e-01, PNorm = 35.6887, GNorm = 1.1904, lr_0 = 8.1034e-04
Loss = 1.2299e-01, PNorm = 35.7127, GNorm = 3.8542, lr_0 = 8.0670e-04
Loss = 1.2694e-01, PNorm = 35.7372, GNorm = 1.0193, lr_0 = 8.0309e-04
Loss = 1.2240e-01, PNorm = 35.7562, GNorm = 6.3571, lr_0 = 7.9948e-04
Loss = 1.4913e-01, PNorm = 35.7732, GNorm = 4.7862, lr_0 = 7.9590e-04
Loss = 1.5305e-01, PNorm = 35.7881, GNorm = 2.7125, lr_0 = 7.9233e-04
Loss = 1.3695e-01, PNorm = 35.8080, GNorm = 6.1457, lr_0 = 7.8878e-04
Loss = 1.2316e-01, PNorm = 35.8260, GNorm = 2.1305, lr_0 = 7.8524e-04
Loss = 1.3300e-01, PNorm = 35.8522, GNorm = 4.7323, lr_0 = 7.8172e-04
Validation rmse = 0.643786
Epoch 5
Loss = 1.6897e-01, PNorm = 35.8727, GNorm = 4.9027, lr_0 = 7.7787e-04
Loss = 1.2593e-01, PNorm = 35.8978, GNorm = 2.1130, lr_0 = 7.7438e-04
Loss = 1.2449e-01, PNorm = 35.9184, GNorm = 1.3865, lr_0 = 7.7091e-04
Loss = 1.3342e-01, PNorm = 35.9379, GNorm = 5.2794, lr_0 = 7.6745e-04
Loss = 1.0612e-01, PNorm = 35.9601, GNorm = 4.3153, lr_0 = 7.6401e-04
Loss = 1.0752e-01, PNorm = 35.9792, GNorm = 2.1579, lr_0 = 7.6058e-04
Loss = 1.1221e-01, PNorm = 35.9972, GNorm = 2.4308, lr_0 = 7.5717e-04
Loss = 1.2379e-01, PNorm = 36.0090, GNorm = 2.2635, lr_0 = 7.5378e-04
Loss = 1.1115e-01, PNorm = 36.0242, GNorm = 3.8376, lr_0 = 7.5040e-04
Loss = 1.2275e-01, PNorm = 36.0370, GNorm = 0.7331, lr_0 = 7.4704e-04
Loss = 1.2064e-01, PNorm = 36.0571, GNorm = 4.0148, lr_0 = 7.4369e-04
Loss = 1.3980e-01, PNorm = 36.0764, GNorm = 8.9393, lr_0 = 7.4035e-04
Loss = 1.0946e-01, PNorm = 36.0931, GNorm = 2.8521, lr_0 = 7.3703e-04
Loss = 1.2186e-01, PNorm = 36.1073, GNorm = 4.4071, lr_0 = 7.3373e-04
Loss = 1.0903e-01, PNorm = 36.1264, GNorm = 2.8298, lr_0 = 7.3044e-04
Loss = 1.0802e-01, PNorm = 36.1439, GNorm = 1.8211, lr_0 = 7.2716e-04
Loss = 9.9741e-02, PNorm = 36.1551, GNorm = 2.1394, lr_0 = 7.2390e-04
Loss = 1.2032e-01, PNorm = 36.1685, GNorm = 4.2297, lr_0 = 7.2066e-04
Validation rmse = 0.452470
Epoch 6
Loss = 9.9108e-02, PNorm = 36.1882, GNorm = 2.7458, lr_0 = 7.1710e-04
Loss = 8.8470e-02, PNorm = 36.2007, GNorm = 1.4228, lr_0 = 7.1389e-04
Loss = 9.6688e-02, PNorm = 36.2152, GNorm = 1.1164, lr_0 = 7.1069e-04
Loss = 9.8014e-02, PNorm = 36.2429, GNorm = 2.1788, lr_0 = 7.0750e-04
Loss = 1.0733e-01, PNorm = 36.2636, GNorm = 1.5395, lr_0 = 7.0433e-04
Loss = 9.2679e-02, PNorm = 36.2818, GNorm = 1.4447, lr_0 = 7.0117e-04
Loss = 1.0212e-01, PNorm = 36.2928, GNorm = 1.2919, lr_0 = 6.9803e-04
Loss = 1.1351e-01, PNorm = 36.3073, GNorm = 3.5039, lr_0 = 6.9490e-04
Loss = 9.7187e-02, PNorm = 36.3285, GNorm = 2.1508, lr_0 = 6.9178e-04
Loss = 9.1801e-02, PNorm = 36.3470, GNorm = 1.6978, lr_0 = 6.8868e-04
Loss = 1.1681e-01, PNorm = 36.3631, GNorm = 7.0044, lr_0 = 6.8559e-04
Loss = 1.2417e-01, PNorm = 36.3757, GNorm = 3.0798, lr_0 = 6.8252e-04
Loss = 1.0321e-01, PNorm = 36.3927, GNorm = 2.6497, lr_0 = 6.7946e-04
Loss = 8.8534e-02, PNorm = 36.4114, GNorm = 2.5701, lr_0 = 6.7641e-04
Loss = 1.1074e-01, PNorm = 36.4285, GNorm = 1.3543, lr_0 = 6.7338e-04
Loss = 1.1910e-01, PNorm = 36.4500, GNorm = 7.2360, lr_0 = 6.7036e-04
Loss = 1.1955e-01, PNorm = 36.4672, GNorm = 3.0921, lr_0 = 6.6735e-04
Loss = 8.7004e-02, PNorm = 36.4804, GNorm = 1.6877, lr_0 = 6.6436e-04
Loss = 1.0636e-01, PNorm = 36.4933, GNorm = 3.9685, lr_0 = 6.6138e-04
Validation rmse = 0.462916
Epoch 7
Loss = 1.0817e-01, PNorm = 36.5088, GNorm = 2.4058, lr_0 = 6.5812e-04
Loss = 9.7349e-02, PNorm = 36.5322, GNorm = 3.0851, lr_0 = 6.5517e-04
Loss = 9.8285e-02, PNorm = 36.5509, GNorm = 3.6953, lr_0 = 6.5223e-04
Loss = 1.0029e-01, PNorm = 36.5632, GNorm = 1.4090, lr_0 = 6.4931e-04
Loss = 8.4783e-02, PNorm = 36.5787, GNorm = 1.4368, lr_0 = 6.4640e-04
Loss = 9.3824e-02, PNorm = 36.5931, GNorm = 2.1660, lr_0 = 6.4350e-04
Loss = 9.3926e-02, PNorm = 36.6104, GNorm = 1.7330, lr_0 = 6.4061e-04
Loss = 9.6961e-02, PNorm = 36.6233, GNorm = 3.5745, lr_0 = 6.3774e-04
Loss = 8.7164e-02, PNorm = 36.6354, GNorm = 1.2052, lr_0 = 6.3488e-04
Loss = 1.0451e-01, PNorm = 36.6463, GNorm = 0.9870, lr_0 = 6.3204e-04
Loss = 1.1415e-01, PNorm = 36.6606, GNorm = 5.0157, lr_0 = 6.2920e-04
Loss = 9.7740e-02, PNorm = 36.6783, GNorm = 1.1640, lr_0 = 6.2638e-04
Loss = 9.4971e-02, PNorm = 36.6983, GNorm = 1.3186, lr_0 = 6.2357e-04
Loss = 8.3569e-02, PNorm = 36.7143, GNorm = 2.6818, lr_0 = 6.2078e-04
Loss = 9.4461e-02, PNorm = 36.7301, GNorm = 2.4586, lr_0 = 6.1799e-04
Loss = 8.8389e-02, PNorm = 36.7440, GNorm = 1.6043, lr_0 = 6.1522e-04
Loss = 1.2006e-01, PNorm = 36.7614, GNorm = 1.2868, lr_0 = 6.1246e-04
Loss = 8.6370e-02, PNorm = 36.7766, GNorm = 0.7302, lr_0 = 6.0972e-04
Validation rmse = 0.454833
Epoch 8
Loss = 6.2473e-02, PNorm = 36.7879, GNorm = 1.1021, lr_0 = 6.0698e-04
Loss = 8.3201e-02, PNorm = 36.7977, GNorm = 3.0571, lr_0 = 6.0426e-04
Loss = 8.5554e-02, PNorm = 36.8125, GNorm = 1.0133, lr_0 = 6.0155e-04
Loss = 8.1372e-02, PNorm = 36.8304, GNorm = 1.8902, lr_0 = 5.9886e-04
Loss = 1.0436e-01, PNorm = 36.8440, GNorm = 2.1059, lr_0 = 5.9617e-04
Loss = 8.2974e-02, PNorm = 36.8561, GNorm = 0.7812, lr_0 = 5.9350e-04
Loss = 7.9754e-02, PNorm = 36.8722, GNorm = 1.8793, lr_0 = 5.9084e-04
Loss = 8.8509e-02, PNorm = 36.8889, GNorm = 3.1223, lr_0 = 5.8819e-04
Loss = 8.8676e-02, PNorm = 36.9068, GNorm = 2.0150, lr_0 = 5.8555e-04
Loss = 9.9514e-02, PNorm = 36.9195, GNorm = 0.9771, lr_0 = 5.8293e-04
Loss = 9.9867e-02, PNorm = 36.9248, GNorm = 1.0452, lr_0 = 5.8031e-04
Loss = 1.2938e-01, PNorm = 36.9404, GNorm = 5.0277, lr_0 = 5.7771e-04
Loss = 9.1074e-02, PNorm = 36.9625, GNorm = 2.8134, lr_0 = 5.7512e-04
Loss = 8.6361e-02, PNorm = 36.9828, GNorm = 1.0557, lr_0 = 5.7254e-04
Loss = 9.5771e-02, PNorm = 36.9948, GNorm = 3.1940, lr_0 = 5.6997e-04
Loss = 7.1907e-02, PNorm = 37.0025, GNorm = 2.0625, lr_0 = 5.6742e-04
Loss = 7.4054e-02, PNorm = 37.0135, GNorm = 1.2594, lr_0 = 5.6487e-04
Loss = 8.9326e-02, PNorm = 37.0249, GNorm = 2.1996, lr_0 = 5.6234e-04
Validation rmse = 0.508311
Epoch 9
Loss = 1.4351e-01, PNorm = 37.0385, GNorm = 7.1123, lr_0 = 5.5957e-04
Loss = 1.0716e-01, PNorm = 37.0561, GNorm = 0.8913, lr_0 = 5.5706e-04
Loss = 7.1924e-02, PNorm = 37.0763, GNorm = 0.9697, lr_0 = 5.5456e-04
Loss = 7.6372e-02, PNorm = 37.0964, GNorm = 2.0243, lr_0 = 5.5208e-04
Loss = 8.5175e-02, PNorm = 37.1108, GNorm = 2.4337, lr_0 = 5.4960e-04
Loss = 8.4994e-02, PNorm = 37.1260, GNorm = 1.3157, lr_0 = 5.4714e-04
Loss = 8.3477e-02, PNorm = 37.1379, GNorm = 1.7191, lr_0 = 5.4468e-04
Loss = 9.4936e-02, PNorm = 37.1571, GNorm = 1.9371, lr_0 = 5.4224e-04
Loss = 7.4217e-02, PNorm = 37.1673, GNorm = 3.0959, lr_0 = 5.3981e-04
Loss = 7.4571e-02, PNorm = 37.1790, GNorm = 2.6647, lr_0 = 5.3739e-04
Loss = 6.5331e-02, PNorm = 37.1932, GNorm = 1.2501, lr_0 = 5.3498e-04
Loss = 8.2839e-02, PNorm = 37.2064, GNorm = 1.5375, lr_0 = 5.3258e-04
Loss = 1.1107e-01, PNorm = 37.2170, GNorm = 2.1031, lr_0 = 5.3019e-04
Loss = 8.0802e-02, PNorm = 37.2288, GNorm = 1.3823, lr_0 = 5.2782e-04
Loss = 8.0379e-02, PNorm = 37.2389, GNorm = 1.4479, lr_0 = 5.2545e-04
Loss = 8.2571e-02, PNorm = 37.2541, GNorm = 1.0167, lr_0 = 5.2309e-04
Loss = 9.3532e-02, PNorm = 37.2666, GNorm = 0.8341, lr_0 = 5.2075e-04
Loss = 7.3715e-02, PNorm = 37.2772, GNorm = 1.7988, lr_0 = 5.1841e-04
Loss = 8.5080e-02, PNorm = 37.2856, GNorm = 1.1438, lr_0 = 5.1609e-04
Validation rmse = 0.412875
Epoch 10
Loss = 7.7519e-02, PNorm = 37.2996, GNorm = 1.8283, lr_0 = 5.1354e-04
Loss = 8.1377e-02, PNorm = 37.3137, GNorm = 1.4701, lr_0 = 5.1124e-04
Loss = 8.3076e-02, PNorm = 37.3267, GNorm = 1.4874, lr_0 = 5.0895e-04
Loss = 6.7793e-02, PNorm = 37.3375, GNorm = 1.2377, lr_0 = 5.0667e-04
Loss = 8.1570e-02, PNorm = 37.3477, GNorm = 2.5548, lr_0 = 5.0440e-04
Loss = 6.7611e-02, PNorm = 37.3586, GNorm = 1.9688, lr_0 = 5.0213e-04
Loss = 8.5545e-02, PNorm = 37.3685, GNorm = 1.8209, lr_0 = 4.9988e-04
Loss = 6.9616e-02, PNorm = 37.3866, GNorm = 1.0530, lr_0 = 4.9764e-04
Loss = 6.7319e-02, PNorm = 37.4013, GNorm = 1.6491, lr_0 = 4.9541e-04
Loss = 6.7505e-02, PNorm = 37.4153, GNorm = 2.3890, lr_0 = 4.9319e-04
Loss = 8.4308e-02, PNorm = 37.4230, GNorm = 4.6723, lr_0 = 4.9098e-04
Loss = 9.4711e-02, PNorm = 37.4415, GNorm = 4.3827, lr_0 = 4.8878e-04
Loss = 7.0859e-02, PNorm = 37.4535, GNorm = 1.4542, lr_0 = 4.8658e-04
Loss = 7.7501e-02, PNorm = 37.4642, GNorm = 1.0524, lr_0 = 4.8440e-04
Loss = 7.0351e-02, PNorm = 37.4718, GNorm = 1.6283, lr_0 = 4.8223e-04
Loss = 7.8327e-02, PNorm = 37.4804, GNorm = 0.8626, lr_0 = 4.8007e-04
Loss = 8.4807e-02, PNorm = 37.4894, GNorm = 1.8388, lr_0 = 4.7792e-04
Loss = 8.3297e-02, PNorm = 37.4988, GNorm = 1.9080, lr_0 = 4.7577e-04
Validation rmse = 0.431553
Epoch 11
Loss = 7.8025e-02, PNorm = 37.5127, GNorm = 0.8177, lr_0 = 4.7343e-04
Loss = 7.7970e-02, PNorm = 37.5264, GNorm = 0.5638, lr_0 = 4.7131e-04
Loss = 8.5051e-02, PNorm = 37.5415, GNorm = 2.6101, lr_0 = 4.6919e-04
Loss = 7.3533e-02, PNorm = 37.5521, GNorm = 1.7220, lr_0 = 4.6709e-04
Loss = 6.6843e-02, PNorm = 37.5613, GNorm = 0.8658, lr_0 = 4.6499e-04
Loss = 6.5637e-02, PNorm = 37.5733, GNorm = 2.6468, lr_0 = 4.6291e-04
Loss = 6.5643e-02, PNorm = 37.5813, GNorm = 1.9320, lr_0 = 4.6083e-04
Loss = 9.3635e-02, PNorm = 37.5921, GNorm = 5.3389, lr_0 = 4.5877e-04
Loss = 8.0202e-02, PNorm = 37.6050, GNorm = 4.7219, lr_0 = 4.5671e-04
Loss = 6.6192e-02, PNorm = 37.6183, GNorm = 1.7637, lr_0 = 4.5466e-04
Loss = 7.5746e-02, PNorm = 37.6290, GNorm = 1.4011, lr_0 = 4.5262e-04
Loss = 6.3924e-02, PNorm = 37.6355, GNorm = 1.7950, lr_0 = 4.5059e-04
Loss = 8.7155e-02, PNorm = 37.6483, GNorm = 1.5576, lr_0 = 4.4857e-04
Loss = 6.8008e-02, PNorm = 37.6591, GNorm = 2.7941, lr_0 = 4.4656e-04
Loss = 6.8686e-02, PNorm = 37.6674, GNorm = 1.1530, lr_0 = 4.4456e-04
Loss = 7.0516e-02, PNorm = 37.6767, GNorm = 1.0875, lr_0 = 4.4257e-04
Loss = 6.7274e-02, PNorm = 37.6851, GNorm = 1.5391, lr_0 = 4.4058e-04
Loss = 6.6280e-02, PNorm = 37.6925, GNorm = 1.9249, lr_0 = 4.3861e-04
Validation rmse = 0.439830
Epoch 12
Loss = 6.7627e-02, PNorm = 37.7013, GNorm = 3.9911, lr_0 = 4.3664e-04
Loss = 6.6116e-02, PNorm = 37.7124, GNorm = 0.7975, lr_0 = 4.3468e-04
Loss = 6.3590e-02, PNorm = 37.7232, GNorm = 1.7807, lr_0 = 4.3273e-04
Loss = 7.5690e-02, PNorm = 37.7333, GNorm = 2.0708, lr_0 = 4.3079e-04
Loss = 6.8660e-02, PNorm = 37.7435, GNorm = 1.4479, lr_0 = 4.2886e-04
Loss = 6.5476e-02, PNorm = 37.7531, GNorm = 1.2210, lr_0 = 4.2694e-04
Loss = 6.0970e-02, PNorm = 37.7640, GNorm = 3.3509, lr_0 = 4.2503e-04
Loss = 5.5023e-02, PNorm = 37.7723, GNorm = 3.6229, lr_0 = 4.2312e-04
Loss = 7.7094e-02, PNorm = 37.7821, GNorm = 1.9305, lr_0 = 4.2122e-04
Loss = 1.2885e-01, PNorm = 37.7971, GNorm = 1.5960, lr_0 = 4.1933e-04
Loss = 1.0913e-01, PNorm = 37.8129, GNorm = 4.3976, lr_0 = 4.1745e-04
Loss = 8.1944e-02, PNorm = 37.8335, GNorm = 2.8533, lr_0 = 4.1558e-04
Loss = 9.0263e-02, PNorm = 37.8545, GNorm = 1.7401, lr_0 = 4.1372e-04
Loss = 6.4979e-02, PNorm = 37.8671, GNorm = 1.8859, lr_0 = 4.1186e-04
Loss = 7.2857e-02, PNorm = 37.8744, GNorm = 4.0937, lr_0 = 4.1002e-04
Loss = 6.5075e-02, PNorm = 37.8823, GNorm = 0.9672, lr_0 = 4.0818e-04
Loss = 6.4386e-02, PNorm = 37.8868, GNorm = 1.0854, lr_0 = 4.0635e-04
Loss = 6.8646e-02, PNorm = 37.8940, GNorm = 2.2469, lr_0 = 4.0453e-04
Loss = 7.5318e-02, PNorm = 37.9050, GNorm = 2.1581, lr_0 = 4.0271e-04
Validation rmse = 0.418601
Epoch 13
Loss = 6.7688e-02, PNorm = 37.9123, GNorm = 3.1271, lr_0 = 4.0073e-04
Loss = 6.9461e-02, PNorm = 37.9211, GNorm = 1.6638, lr_0 = 3.9893e-04
Loss = 8.2913e-02, PNorm = 37.9304, GNorm = 5.1437, lr_0 = 3.9714e-04
Loss = 7.9632e-02, PNorm = 37.9430, GNorm = 1.1766, lr_0 = 3.9536e-04
Loss = 5.0586e-02, PNorm = 37.9527, GNorm = 2.0033, lr_0 = 3.9359e-04
Loss = 6.7938e-02, PNorm = 37.9587, GNorm = 0.9197, lr_0 = 3.9182e-04
Loss = 7.2615e-02, PNorm = 37.9653, GNorm = 1.5244, lr_0 = 3.9007e-04
Loss = 6.5716e-02, PNorm = 37.9762, GNorm = 2.1651, lr_0 = 3.8832e-04
Loss = 5.4712e-02, PNorm = 37.9857, GNorm = 0.6678, lr_0 = 3.8658e-04
Loss = 7.4272e-02, PNorm = 37.9964, GNorm = 0.8648, lr_0 = 3.8484e-04
Loss = 7.0566e-02, PNorm = 38.0063, GNorm = 2.2122, lr_0 = 3.8312e-04
Loss = 6.4882e-02, PNorm = 38.0149, GNorm = 3.4892, lr_0 = 3.8140e-04
Loss = 6.4058e-02, PNorm = 38.0198, GNorm = 3.0708, lr_0 = 3.7969e-04
Loss = 5.9161e-02, PNorm = 38.0308, GNorm = 0.6323, lr_0 = 3.7799e-04
Loss = 6.5142e-02, PNorm = 38.0406, GNorm = 2.6874, lr_0 = 3.7629e-04
Loss = 5.6276e-02, PNorm = 38.0489, GNorm = 0.7537, lr_0 = 3.7461e-04
Loss = 5.2021e-02, PNorm = 38.0591, GNorm = 1.3984, lr_0 = 3.7293e-04
Loss = 5.9791e-02, PNorm = 38.0673, GNorm = 1.1461, lr_0 = 3.7125e-04
Validation rmse = 0.390512
Epoch 14
Loss = 4.9328e-02, PNorm = 38.0760, GNorm = 0.9829, lr_0 = 3.6942e-04
Loss = 5.3464e-02, PNorm = 38.0856, GNorm = 1.4568, lr_0 = 3.6777e-04
Loss = 5.5286e-02, PNorm = 38.0910, GNorm = 1.7085, lr_0 = 3.6612e-04
Loss = 5.5693e-02, PNorm = 38.0968, GNorm = 1.0029, lr_0 = 3.6448e-04
Loss = 5.8144e-02, PNorm = 38.1046, GNorm = 0.7708, lr_0 = 3.6284e-04
Loss = 5.4478e-02, PNorm = 38.1104, GNorm = 0.5293, lr_0 = 3.6122e-04
Loss = 6.9866e-02, PNorm = 38.1173, GNorm = 1.3815, lr_0 = 3.5960e-04
Loss = 5.9650e-02, PNorm = 38.1226, GNorm = 1.2948, lr_0 = 3.5798e-04
Loss = 5.2968e-02, PNorm = 38.1301, GNorm = 2.2556, lr_0 = 3.5638e-04
Loss = 6.6885e-02, PNorm = 38.1400, GNorm = 0.9520, lr_0 = 3.5478e-04
Loss = 6.1663e-02, PNorm = 38.1480, GNorm = 0.5223, lr_0 = 3.5319e-04
Loss = 6.4576e-02, PNorm = 38.1567, GNorm = 0.7066, lr_0 = 3.5161e-04
Loss = 5.9746e-02, PNorm = 38.1676, GNorm = 1.2800, lr_0 = 3.5003e-04
Loss = 7.6502e-02, PNorm = 38.1733, GNorm = 1.7897, lr_0 = 3.4846e-04
Loss = 6.5645e-02, PNorm = 38.1837, GNorm = 1.3152, lr_0 = 3.4690e-04
Loss = 6.2958e-02, PNorm = 38.1920, GNorm = 0.9820, lr_0 = 3.4534e-04
Loss = 5.6048e-02, PNorm = 38.2033, GNorm = 2.1969, lr_0 = 3.4380e-04
Loss = 6.3867e-02, PNorm = 38.2105, GNorm = 1.0351, lr_0 = 3.4225e-04
Validation rmse = 0.399245
Epoch 15
Loss = 6.4331e-02, PNorm = 38.2182, GNorm = 2.4665, lr_0 = 3.4057e-04
Loss = 5.1913e-02, PNorm = 38.2252, GNorm = 0.8847, lr_0 = 3.3904e-04
Loss = 6.7180e-02, PNorm = 38.2334, GNorm = 2.8880, lr_0 = 3.3752e-04
Loss = 6.0467e-02, PNorm = 38.2447, GNorm = 3.5914, lr_0 = 3.3601e-04
Loss = 5.7871e-02, PNorm = 38.2532, GNorm = 1.2151, lr_0 = 3.3450e-04
Loss = 6.2382e-02, PNorm = 38.2602, GNorm = 1.1034, lr_0 = 3.3300e-04
Loss = 5.3237e-02, PNorm = 38.2687, GNorm = 1.2600, lr_0 = 3.3151e-04
Loss = 5.8918e-02, PNorm = 38.2741, GNorm = 2.3647, lr_0 = 3.3002e-04
Loss = 5.4490e-02, PNorm = 38.2782, GNorm = 1.3886, lr_0 = 3.2854e-04
Loss = 5.6885e-02, PNorm = 38.2894, GNorm = 1.7534, lr_0 = 3.2707e-04
Loss = 5.9727e-02, PNorm = 38.3004, GNorm = 1.0842, lr_0 = 3.2560e-04
Loss = 5.5420e-02, PNorm = 38.3066, GNorm = 3.6364, lr_0 = 3.2414e-04
Loss = 6.6317e-02, PNorm = 38.3159, GNorm = 1.2958, lr_0 = 3.2269e-04
Loss = 5.2878e-02, PNorm = 38.3215, GNorm = 0.8888, lr_0 = 3.2124e-04
Loss = 6.2598e-02, PNorm = 38.3292, GNorm = 1.5576, lr_0 = 3.1980e-04
Loss = 5.0160e-02, PNorm = 38.3355, GNorm = 1.1697, lr_0 = 3.1837e-04
Loss = 5.6448e-02, PNorm = 38.3422, GNorm = 2.0162, lr_0 = 3.1694e-04
Loss = 5.1660e-02, PNorm = 38.3474, GNorm = 0.6665, lr_0 = 3.1552e-04
Loss = 6.1505e-02, PNorm = 38.3583, GNorm = 3.5772, lr_0 = 3.1410e-04
Validation rmse = 0.388781
Epoch 16
Loss = 5.4298e-02, PNorm = 38.3634, GNorm = 1.1093, lr_0 = 3.1270e-04
Loss = 5.8375e-02, PNorm = 38.3716, GNorm = 2.0165, lr_0 = 3.1129e-04
Loss = 5.3550e-02, PNorm = 38.3793, GNorm = 1.5998, lr_0 = 3.0990e-04
Loss = 5.5218e-02, PNorm = 38.3878, GNorm = 1.3530, lr_0 = 3.0851e-04
Loss = 5.2624e-02, PNorm = 38.3957, GNorm = 1.0473, lr_0 = 3.0712e-04
Loss = 5.5299e-02, PNorm = 38.4017, GNorm = 3.1208, lr_0 = 3.0575e-04
Loss = 6.9254e-02, PNorm = 38.4111, GNorm = 1.3734, lr_0 = 3.0438e-04
Loss = 5.2539e-02, PNorm = 38.4178, GNorm = 2.2767, lr_0 = 3.0301e-04
Loss = 6.6038e-02, PNorm = 38.4254, GNorm = 1.7924, lr_0 = 3.0165e-04
Loss = 5.3257e-02, PNorm = 38.4351, GNorm = 1.6288, lr_0 = 3.0030e-04
Loss = 5.0075e-02, PNorm = 38.4403, GNorm = 1.4096, lr_0 = 2.9895e-04
Loss = 4.7308e-02, PNorm = 38.4444, GNorm = 0.6657, lr_0 = 2.9761e-04
Loss = 4.6527e-02, PNorm = 38.4503, GNorm = 1.6149, lr_0 = 2.9628e-04
Loss = 5.5760e-02, PNorm = 38.4569, GNorm = 1.5114, lr_0 = 2.9495e-04
Loss = 5.4591e-02, PNorm = 38.4634, GNorm = 0.6959, lr_0 = 2.9363e-04
Loss = 5.4074e-02, PNorm = 38.4721, GNorm = 1.1985, lr_0 = 2.9231e-04
Loss = 5.9544e-02, PNorm = 38.4791, GNorm = 2.1326, lr_0 = 2.9100e-04
Loss = 5.2427e-02, PNorm = 38.4849, GNorm = 1.9397, lr_0 = 2.8970e-04
Validation rmse = 0.389819
Epoch 17
Loss = 4.6228e-02, PNorm = 38.4912, GNorm = 0.4052, lr_0 = 2.8827e-04
Loss = 5.1350e-02, PNorm = 38.4979, GNorm = 0.5953, lr_0 = 2.8698e-04
Loss = 4.0534e-02, PNorm = 38.5046, GNorm = 0.7624, lr_0 = 2.8569e-04
Loss = 5.2724e-02, PNorm = 38.5129, GNorm = 0.6393, lr_0 = 2.8441e-04
Loss = 4.8340e-02, PNorm = 38.5216, GNorm = 1.0165, lr_0 = 2.8313e-04
Loss = 5.0267e-02, PNorm = 38.5258, GNorm = 1.4728, lr_0 = 2.8186e-04
Loss = 6.2468e-02, PNorm = 38.5339, GNorm = 2.8619, lr_0 = 2.8060e-04
Loss = 4.7068e-02, PNorm = 38.5436, GNorm = 2.8000, lr_0 = 2.7934e-04
Loss = 5.7302e-02, PNorm = 38.5514, GNorm = 1.5256, lr_0 = 2.7809e-04
Loss = 4.8862e-02, PNorm = 38.5601, GNorm = 1.5537, lr_0 = 2.7684e-04
Loss = 6.5485e-02, PNorm = 38.5658, GNorm = 4.0335, lr_0 = 2.7560e-04
Loss = 6.1514e-02, PNorm = 38.5691, GNorm = 1.2748, lr_0 = 2.7437e-04
Loss = 5.8907e-02, PNorm = 38.5755, GNorm = 3.5945, lr_0 = 2.7314e-04
Loss = 5.3541e-02, PNorm = 38.5813, GNorm = 0.9054, lr_0 = 2.7191e-04
Loss = 5.6191e-02, PNorm = 38.5860, GNorm = 1.0627, lr_0 = 2.7069e-04
Loss = 4.9198e-02, PNorm = 38.5912, GNorm = 0.9020, lr_0 = 2.6948e-04
Loss = 4.5992e-02, PNorm = 38.5957, GNorm = 1.4507, lr_0 = 2.6827e-04
Loss = 4.4679e-02, PNorm = 38.6009, GNorm = 1.3641, lr_0 = 2.6707e-04
Validation rmse = 0.376149
Epoch 18
Loss = 4.9716e-02, PNorm = 38.6076, GNorm = 2.0180, lr_0 = 2.6575e-04
Loss = 5.3417e-02, PNorm = 38.6136, GNorm = 3.4659, lr_0 = 2.6456e-04
Loss = 4.8085e-02, PNorm = 38.6201, GNorm = 2.6416, lr_0 = 2.6337e-04
Loss = 4.7759e-02, PNorm = 38.6246, GNorm = 1.1886, lr_0 = 2.6219e-04
Loss = 5.0749e-02, PNorm = 38.6287, GNorm = 2.2434, lr_0 = 2.6102e-04
Loss = 5.8796e-02, PNorm = 38.6364, GNorm = 2.2848, lr_0 = 2.5985e-04
Loss = 4.2482e-02, PNorm = 38.6410, GNorm = 0.6295, lr_0 = 2.5868e-04
Loss = 4.8294e-02, PNorm = 38.6455, GNorm = 2.1827, lr_0 = 2.5752e-04
Loss = 4.3733e-02, PNorm = 38.6512, GNorm = 1.3130, lr_0 = 2.5637e-04
Loss = 6.4752e-02, PNorm = 38.6573, GNorm = 0.9191, lr_0 = 2.5522e-04
Loss = 5.4164e-02, PNorm = 38.6645, GNorm = 0.9525, lr_0 = 2.5407e-04
Loss = 5.5936e-02, PNorm = 38.6710, GNorm = 1.9744, lr_0 = 2.5293e-04
Loss = 5.1421e-02, PNorm = 38.6776, GNorm = 2.5096, lr_0 = 2.5180e-04
Loss = 4.9272e-02, PNorm = 38.6827, GNorm = 0.6834, lr_0 = 2.5067e-04
Loss = 5.1994e-02, PNorm = 38.6886, GNorm = 1.2558, lr_0 = 2.4955e-04
Loss = 5.2773e-02, PNorm = 38.6926, GNorm = 1.6910, lr_0 = 2.4843e-04
Loss = 5.0564e-02, PNorm = 38.6994, GNorm = 1.1188, lr_0 = 2.4731e-04
Loss = 4.4935e-02, PNorm = 38.7059, GNorm = 1.4661, lr_0 = 2.4620e-04
Loss = 4.9153e-02, PNorm = 38.7114, GNorm = 1.5120, lr_0 = 2.4510e-04
Validation rmse = 0.382369
Epoch 19
Loss = 4.7126e-02, PNorm = 38.7170, GNorm = 0.8472, lr_0 = 2.4389e-04
Loss = 4.3649e-02, PNorm = 38.7217, GNorm = 0.8312, lr_0 = 2.4280e-04
Loss = 5.2337e-02, PNorm = 38.7279, GNorm = 1.2402, lr_0 = 2.4171e-04
Loss = 5.0257e-02, PNorm = 38.7344, GNorm = 1.6968, lr_0 = 2.4063e-04
Loss = 3.9115e-02, PNorm = 38.7417, GNorm = 1.4803, lr_0 = 2.3955e-04
Loss = 4.3237e-02, PNorm = 38.7473, GNorm = 1.3828, lr_0 = 2.3847e-04
Loss = 5.0749e-02, PNorm = 38.7538, GNorm = 1.4024, lr_0 = 2.3740e-04
Loss = 4.3509e-02, PNorm = 38.7600, GNorm = 0.6503, lr_0 = 2.3634e-04
Loss = 5.1357e-02, PNorm = 38.7646, GNorm = 1.5265, lr_0 = 2.3528e-04
Loss = 5.3131e-02, PNorm = 38.7706, GNorm = 2.7970, lr_0 = 2.3422e-04
Loss = 4.3755e-02, PNorm = 38.7774, GNorm = 1.1146, lr_0 = 2.3317e-04
Loss = 5.0709e-02, PNorm = 38.7830, GNorm = 0.7325, lr_0 = 2.3213e-04
Loss = 4.3402e-02, PNorm = 38.7884, GNorm = 0.6678, lr_0 = 2.3109e-04
Loss = 4.9172e-02, PNorm = 38.7921, GNorm = 0.8741, lr_0 = 2.3005e-04
Loss = 5.5142e-02, PNorm = 38.7970, GNorm = 2.1988, lr_0 = 2.2902e-04
Loss = 4.4028e-02, PNorm = 38.8015, GNorm = 1.3943, lr_0 = 2.2799e-04
Loss = 4.1945e-02, PNorm = 38.8053, GNorm = 1.8100, lr_0 = 2.2697e-04
Loss = 4.1572e-02, PNorm = 38.8089, GNorm = 1.0655, lr_0 = 2.2595e-04
Validation rmse = 0.382841
Epoch 20
Loss = 4.2126e-02, PNorm = 38.8134, GNorm = 1.6378, lr_0 = 2.2494e-04
Loss = 5.0169e-02, PNorm = 38.8189, GNorm = 0.9779, lr_0 = 2.2393e-04
Loss = 3.9632e-02, PNorm = 38.8224, GNorm = 1.2978, lr_0 = 2.2293e-04
Loss = 4.9754e-02, PNorm = 38.8261, GNorm = 1.7832, lr_0 = 2.2193e-04
Loss = 4.3626e-02, PNorm = 38.8310, GNorm = 1.4776, lr_0 = 2.2093e-04
Loss = 3.9791e-02, PNorm = 38.8354, GNorm = 1.2638, lr_0 = 2.1994e-04
Loss = 5.0385e-02, PNorm = 38.8422, GNorm = 3.0760, lr_0 = 2.1896e-04
Loss = 4.2825e-02, PNorm = 38.8489, GNorm = 0.9273, lr_0 = 2.1798e-04
Loss = 5.0218e-02, PNorm = 38.8541, GNorm = 1.2863, lr_0 = 2.1700e-04
Loss = 5.1679e-02, PNorm = 38.8588, GNorm = 0.8574, lr_0 = 2.1603e-04
Loss = 4.5062e-02, PNorm = 38.8643, GNorm = 1.2173, lr_0 = 2.1506e-04
Loss = 4.9404e-02, PNorm = 38.8707, GNorm = 2.1339, lr_0 = 2.1409e-04
Loss = 4.5711e-02, PNorm = 38.8749, GNorm = 3.1327, lr_0 = 2.1313e-04
Loss = 5.3661e-02, PNorm = 38.8787, GNorm = 0.6917, lr_0 = 2.1218e-04
Loss = 4.7499e-02, PNorm = 38.8853, GNorm = 2.5290, lr_0 = 2.1123e-04
Loss = 4.4672e-02, PNorm = 38.8902, GNorm = 0.6954, lr_0 = 2.1028e-04
Loss = 5.1795e-02, PNorm = 38.8961, GNorm = 1.5817, lr_0 = 2.0934e-04
Loss = 5.1762e-02, PNorm = 38.9022, GNorm = 1.4827, lr_0 = 2.0840e-04
Validation rmse = 0.394949
Epoch 21
Loss = 3.7058e-02, PNorm = 38.9076, GNorm = 0.5078, lr_0 = 2.0737e-04
Loss = 4.0951e-02, PNorm = 38.9110, GNorm = 1.4049, lr_0 = 2.0644e-04
Loss = 4.7437e-02, PNorm = 38.9170, GNorm = 1.6991, lr_0 = 2.0551e-04
Loss = 4.6020e-02, PNorm = 38.9231, GNorm = 2.8925, lr_0 = 2.0459e-04
Loss = 4.2223e-02, PNorm = 38.9262, GNorm = 1.4612, lr_0 = 2.0368e-04
Loss = 4.7085e-02, PNorm = 38.9314, GNorm = 1.9365, lr_0 = 2.0276e-04
Loss = 4.5101e-02, PNorm = 38.9369, GNorm = 2.3433, lr_0 = 2.0185e-04
Loss = 4.4951e-02, PNorm = 38.9407, GNorm = 0.8687, lr_0 = 2.0095e-04
Loss = 4.1535e-02, PNorm = 38.9453, GNorm = 0.9532, lr_0 = 2.0005e-04
Loss = 3.9286e-02, PNorm = 38.9504, GNorm = 1.2311, lr_0 = 1.9915e-04
Loss = 4.2592e-02, PNorm = 38.9556, GNorm = 1.4970, lr_0 = 1.9826e-04
Loss = 4.6096e-02, PNorm = 38.9602, GNorm = 3.5242, lr_0 = 1.9737e-04
Loss = 4.6741e-02, PNorm = 38.9635, GNorm = 1.0661, lr_0 = 1.9648e-04
Loss = 4.3720e-02, PNorm = 38.9678, GNorm = 3.6195, lr_0 = 1.9560e-04
Loss = 4.8571e-02, PNorm = 38.9716, GNorm = 1.0801, lr_0 = 1.9473e-04
Loss = 4.1003e-02, PNorm = 38.9776, GNorm = 0.8533, lr_0 = 1.9385e-04
Loss = 4.8079e-02, PNorm = 38.9804, GNorm = 0.8072, lr_0 = 1.9298e-04
Loss = 5.2695e-02, PNorm = 38.9858, GNorm = 1.1287, lr_0 = 1.9212e-04
Loss = 4.2661e-02, PNorm = 38.9920, GNorm = 2.3593, lr_0 = 1.9126e-04
Validation rmse = 0.412290
Epoch 22
Loss = 4.8721e-02, PNorm = 38.9970, GNorm = 0.7471, lr_0 = 1.9031e-04
Loss = 5.0276e-02, PNorm = 39.0019, GNorm = 0.9726, lr_0 = 1.8946e-04
Loss = 4.1726e-02, PNorm = 39.0092, GNorm = 1.2572, lr_0 = 1.8861e-04
Loss = 4.5699e-02, PNorm = 39.0134, GNorm = 0.6218, lr_0 = 1.8776e-04
Loss = 5.3001e-02, PNorm = 39.0176, GNorm = 2.4229, lr_0 = 1.8692e-04
Loss = 4.0613e-02, PNorm = 39.0214, GNorm = 1.2455, lr_0 = 1.8608e-04
Loss = 3.4905e-02, PNorm = 39.0265, GNorm = 0.7978, lr_0 = 1.8525e-04
Loss = 4.2425e-02, PNorm = 39.0301, GNorm = 0.7298, lr_0 = 1.8442e-04
Loss = 4.7814e-02, PNorm = 39.0334, GNorm = 0.8833, lr_0 = 1.8359e-04
Loss = 4.2500e-02, PNorm = 39.0390, GNorm = 0.5695, lr_0 = 1.8277e-04
Loss = 4.5255e-02, PNorm = 39.0447, GNorm = 1.1967, lr_0 = 1.8195e-04
Loss = 3.8232e-02, PNorm = 39.0489, GNorm = 0.4333, lr_0 = 1.8113e-04
Loss = 4.5594e-02, PNorm = 39.0516, GNorm = 0.8230, lr_0 = 1.8032e-04
Loss = 4.8784e-02, PNorm = 39.0557, GNorm = 1.1537, lr_0 = 1.7951e-04
Loss = 3.7597e-02, PNorm = 39.0603, GNorm = 0.6259, lr_0 = 1.7871e-04
Loss = 4.5570e-02, PNorm = 39.0645, GNorm = 2.8537, lr_0 = 1.7791e-04
Loss = 4.6498e-02, PNorm = 39.0691, GNorm = 3.5176, lr_0 = 1.7711e-04
Loss = 4.4794e-02, PNorm = 39.0732, GNorm = 0.6219, lr_0 = 1.7632e-04
Validation rmse = 0.378747
Epoch 23
Loss = 4.0846e-02, PNorm = 39.0786, GNorm = 1.2165, lr_0 = 1.7545e-04
Loss = 3.5512e-02, PNorm = 39.0844, GNorm = 0.8997, lr_0 = 1.7466e-04
Loss = 3.7043e-02, PNorm = 39.0883, GNorm = 1.5146, lr_0 = 1.7388e-04
Loss = 4.1949e-02, PNorm = 39.0940, GNorm = 0.6992, lr_0 = 1.7310e-04
Loss = 4.3757e-02, PNorm = 39.0986, GNorm = 1.8911, lr_0 = 1.7232e-04
Loss = 3.8315e-02, PNorm = 39.1030, GNorm = 2.6037, lr_0 = 1.7155e-04
Loss = 4.0346e-02, PNorm = 39.1068, GNorm = 0.8075, lr_0 = 1.7078e-04
Loss = 3.9085e-02, PNorm = 39.1109, GNorm = 0.7350, lr_0 = 1.7001e-04
Loss = 4.9172e-02, PNorm = 39.1162, GNorm = 1.8612, lr_0 = 1.6925e-04
Loss = 4.0535e-02, PNorm = 39.1187, GNorm = 1.2551, lr_0 = 1.6849e-04
Loss = 4.3565e-02, PNorm = 39.1246, GNorm = 1.1658, lr_0 = 1.6774e-04
Loss = 4.2541e-02, PNorm = 39.1270, GNorm = 0.7209, lr_0 = 1.6699e-04
Loss = 5.0884e-02, PNorm = 39.1309, GNorm = 1.3203, lr_0 = 1.6624e-04
Loss = 4.0675e-02, PNorm = 39.1346, GNorm = 1.3019, lr_0 = 1.6549e-04
Loss = 3.9775e-02, PNorm = 39.1380, GNorm = 1.0410, lr_0 = 1.6475e-04
Loss = 4.1756e-02, PNorm = 39.1408, GNorm = 0.9322, lr_0 = 1.6401e-04
Loss = 3.5551e-02, PNorm = 39.1413, GNorm = 0.8964, lr_0 = 1.6327e-04
Loss = 4.0247e-02, PNorm = 39.1428, GNorm = 0.9256, lr_0 = 1.6254e-04
Validation rmse = 0.375424
Epoch 24
Loss = 4.4891e-02, PNorm = 39.1465, GNorm = 0.5170, lr_0 = 1.6181e-04
Loss = 3.6883e-02, PNorm = 39.1498, GNorm = 2.0886, lr_0 = 1.6109e-04
Loss = 4.0150e-02, PNorm = 39.1555, GNorm = 1.5811, lr_0 = 1.6037e-04
Loss = 5.4640e-02, PNorm = 39.1610, GNorm = 1.1673, lr_0 = 1.5965e-04
Loss = 4.3757e-02, PNorm = 39.1636, GNorm = 1.7413, lr_0 = 1.5893e-04
Loss = 3.6503e-02, PNorm = 39.1670, GNorm = 0.8226, lr_0 = 1.5822e-04
Loss = 4.2254e-02, PNorm = 39.1702, GNorm = 1.4971, lr_0 = 1.5751e-04
Loss = 3.4214e-02, PNorm = 39.1743, GNorm = 0.9220, lr_0 = 1.5680e-04
Loss = 3.4027e-02, PNorm = 39.1789, GNorm = 1.1924, lr_0 = 1.5610e-04
Loss = 3.5638e-02, PNorm = 39.1825, GNorm = 1.1413, lr_0 = 1.5540e-04
Loss = 4.6434e-02, PNorm = 39.1853, GNorm = 0.5612, lr_0 = 1.5470e-04
Loss = 4.0623e-02, PNorm = 39.1887, GNorm = 1.3728, lr_0 = 1.5401e-04
Loss = 4.0625e-02, PNorm = 39.1914, GNorm = 3.2878, lr_0 = 1.5332e-04
Loss = 4.4011e-02, PNorm = 39.1950, GNorm = 0.9613, lr_0 = 1.5263e-04
Loss = 3.9462e-02, PNorm = 39.1975, GNorm = 1.4576, lr_0 = 1.5195e-04
Loss = 3.5892e-02, PNorm = 39.2013, GNorm = 0.6999, lr_0 = 1.5127e-04
Loss = 3.8411e-02, PNorm = 39.2050, GNorm = 0.4520, lr_0 = 1.5059e-04
Loss = 4.1238e-02, PNorm = 39.2088, GNorm = 2.3257, lr_0 = 1.4991e-04
Loss = 3.8821e-02, PNorm = 39.2115, GNorm = 2.8877, lr_0 = 1.4924e-04
Validation rmse = 0.386210
Epoch 25
Loss = 3.7714e-02, PNorm = 39.2169, GNorm = 0.7025, lr_0 = 1.4850e-04
Loss = 4.0459e-02, PNorm = 39.2204, GNorm = 0.8507, lr_0 = 1.4784e-04
Loss = 4.8001e-02, PNorm = 39.2252, GNorm = 3.1381, lr_0 = 1.4718e-04
Loss = 4.1062e-02, PNorm = 39.2300, GNorm = 1.9472, lr_0 = 1.4652e-04
Loss = 4.0790e-02, PNorm = 39.2335, GNorm = 1.7615, lr_0 = 1.4586e-04
Loss = 4.4793e-02, PNorm = 39.2351, GNorm = 1.9709, lr_0 = 1.4521e-04
Loss = 4.1952e-02, PNorm = 39.2378, GNorm = 1.7344, lr_0 = 1.4455e-04
Loss = 3.2475e-02, PNorm = 39.2413, GNorm = 0.7743, lr_0 = 1.4391e-04
Loss = 3.9690e-02, PNorm = 39.2441, GNorm = 0.5814, lr_0 = 1.4326e-04
Loss = 3.1499e-02, PNorm = 39.2473, GNorm = 1.2806, lr_0 = 1.4262e-04
Loss = 3.9205e-02, PNorm = 39.2500, GNorm = 1.9130, lr_0 = 1.4198e-04
Loss = 4.0261e-02, PNorm = 39.2528, GNorm = 0.7120, lr_0 = 1.4134e-04
Loss = 3.8307e-02, PNorm = 39.2567, GNorm = 1.4476, lr_0 = 1.4071e-04
Loss = 3.3897e-02, PNorm = 39.2586, GNorm = 0.9504, lr_0 = 1.4008e-04
Loss = 3.6116e-02, PNorm = 39.2626, GNorm = 1.1782, lr_0 = 1.3945e-04
Loss = 4.4892e-02, PNorm = 39.2648, GNorm = 1.1445, lr_0 = 1.3882e-04
Loss = 3.7581e-02, PNorm = 39.2683, GNorm = 0.4752, lr_0 = 1.3820e-04
Loss = 3.5233e-02, PNorm = 39.2722, GNorm = 0.6250, lr_0 = 1.3758e-04
Validation rmse = 0.367574
Epoch 26
Loss = 3.8459e-02, PNorm = 39.2778, GNorm = 0.9982, lr_0 = 1.3690e-04
Loss = 3.8390e-02, PNorm = 39.2794, GNorm = 1.4458, lr_0 = 1.3629e-04
Loss = 3.4343e-02, PNorm = 39.2824, GNorm = 0.5933, lr_0 = 1.3568e-04
Loss = 3.6173e-02, PNorm = 39.2849, GNorm = 1.1681, lr_0 = 1.3507e-04
Loss = 3.9941e-02, PNorm = 39.2887, GNorm = 1.1004, lr_0 = 1.3447e-04
Loss = 3.2846e-02, PNorm = 39.2915, GNorm = 0.6137, lr_0 = 1.3386e-04
Loss = 4.4290e-02, PNorm = 39.2940, GNorm = 1.7485, lr_0 = 1.3326e-04
Loss = 4.2902e-02, PNorm = 39.2996, GNorm = 1.0483, lr_0 = 1.3266e-04
Loss = 3.4350e-02, PNorm = 39.3033, GNorm = 1.8762, lr_0 = 1.3207e-04
Loss = 3.6392e-02, PNorm = 39.3066, GNorm = 1.2629, lr_0 = 1.3148e-04
Loss = 3.6793e-02, PNorm = 39.3094, GNorm = 1.0094, lr_0 = 1.3089e-04
Loss = 3.4261e-02, PNorm = 39.3125, GNorm = 0.7574, lr_0 = 1.3030e-04
Loss = 4.2152e-02, PNorm = 39.3155, GNorm = 1.5284, lr_0 = 1.2972e-04
Loss = 3.6426e-02, PNorm = 39.3186, GNorm = 0.4612, lr_0 = 1.2914e-04
Loss = 3.5960e-02, PNorm = 39.3206, GNorm = 1.6958, lr_0 = 1.2856e-04
Loss = 3.3757e-02, PNorm = 39.3235, GNorm = 1.3671, lr_0 = 1.2798e-04
Loss = 3.2389e-02, PNorm = 39.3251, GNorm = 0.5938, lr_0 = 1.2741e-04
Loss = 3.5005e-02, PNorm = 39.3269, GNorm = 0.7173, lr_0 = 1.2684e-04
Validation rmse = 0.366607
Epoch 27
Loss = 2.7554e-02, PNorm = 39.3290, GNorm = 1.7761, lr_0 = 1.2627e-04
Loss = 3.7994e-02, PNorm = 39.3328, GNorm = 0.7303, lr_0 = 1.2570e-04
Loss = 3.2890e-02, PNorm = 39.3359, GNorm = 1.6456, lr_0 = 1.2514e-04
Loss = 3.2835e-02, PNorm = 39.3388, GNorm = 1.1042, lr_0 = 1.2458e-04
Loss = 3.2917e-02, PNorm = 39.3415, GNorm = 0.8797, lr_0 = 1.2402e-04
Loss = 3.3363e-02, PNorm = 39.3447, GNorm = 1.4213, lr_0 = 1.2346e-04
Loss = 3.2689e-02, PNorm = 39.3471, GNorm = 0.7338, lr_0 = 1.2291e-04
Loss = 3.5898e-02, PNorm = 39.3484, GNorm = 0.6644, lr_0 = 1.2236e-04
Loss = 3.5965e-02, PNorm = 39.3525, GNorm = 1.4704, lr_0 = 1.2181e-04
Loss = 3.3727e-02, PNorm = 39.3553, GNorm = 1.5484, lr_0 = 1.2126e-04
Loss = 3.8078e-02, PNorm = 39.3567, GNorm = 0.5523, lr_0 = 1.2072e-04
Loss = 4.0602e-02, PNorm = 39.3590, GNorm = 3.0169, lr_0 = 1.2018e-04
Loss = 4.4454e-02, PNorm = 39.3625, GNorm = 2.6155, lr_0 = 1.1964e-04
Loss = 3.6514e-02, PNorm = 39.3658, GNorm = 1.5698, lr_0 = 1.1910e-04
Loss = 4.3897e-02, PNorm = 39.3689, GNorm = 2.0979, lr_0 = 1.1857e-04
Loss = 4.5201e-02, PNorm = 39.3727, GNorm = 0.7601, lr_0 = 1.1804e-04
Loss = 3.6634e-02, PNorm = 39.3766, GNorm = 0.6429, lr_0 = 1.1751e-04
Loss = 3.4597e-02, PNorm = 39.3807, GNorm = 1.1865, lr_0 = 1.1698e-04
Loss = 3.5370e-02, PNorm = 39.3833, GNorm = 0.6428, lr_0 = 1.1646e-04
Validation rmse = 0.363253
Epoch 28
Loss = 3.3356e-02, PNorm = 39.3859, GNorm = 0.7361, lr_0 = 1.1588e-04
Loss = 4.2645e-02, PNorm = 39.3887, GNorm = 0.7422, lr_0 = 1.1536e-04
Loss = 3.8025e-02, PNorm = 39.3925, GNorm = 0.9705, lr_0 = 1.1484e-04
Loss = 3.0198e-02, PNorm = 39.3952, GNorm = 0.9462, lr_0 = 1.1433e-04
Loss = 3.0714e-02, PNorm = 39.3973, GNorm = 0.5662, lr_0 = 1.1382e-04
Loss = 4.0920e-02, PNorm = 39.4008, GNorm = 1.6385, lr_0 = 1.1331e-04
Loss = 3.6879e-02, PNorm = 39.4027, GNorm = 0.9045, lr_0 = 1.1280e-04
Loss = 3.0049e-02, PNorm = 39.4046, GNorm = 0.8312, lr_0 = 1.1229e-04
Loss = 2.8416e-02, PNorm = 39.4064, GNorm = 0.3177, lr_0 = 1.1179e-04
Loss = 4.0151e-02, PNorm = 39.4098, GNorm = 1.2112, lr_0 = 1.1129e-04
Loss = 3.2210e-02, PNorm = 39.4125, GNorm = 0.6640, lr_0 = 1.1079e-04
Loss = 3.9520e-02, PNorm = 39.4149, GNorm = 1.2150, lr_0 = 1.1029e-04
Loss = 4.5603e-02, PNorm = 39.4181, GNorm = 0.8345, lr_0 = 1.0980e-04
Loss = 2.8746e-02, PNorm = 39.4209, GNorm = 0.7892, lr_0 = 1.0931e-04
Loss = 3.2686e-02, PNorm = 39.4229, GNorm = 1.3665, lr_0 = 1.0882e-04
Loss = 3.1685e-02, PNorm = 39.4265, GNorm = 1.0548, lr_0 = 1.0833e-04
Loss = 3.3536e-02, PNorm = 39.4276, GNorm = 1.6674, lr_0 = 1.0784e-04
Loss = 4.1712e-02, PNorm = 39.4282, GNorm = 0.6950, lr_0 = 1.0736e-04
Validation rmse = 0.366803
Epoch 29
Loss = 3.6742e-02, PNorm = 39.4310, GNorm = 0.6337, lr_0 = 1.0683e-04
Loss = 3.4090e-02, PNorm = 39.4344, GNorm = 2.1100, lr_0 = 1.0635e-04
Loss = 4.0645e-02, PNorm = 39.4363, GNorm = 1.6018, lr_0 = 1.0587e-04
Loss = 3.7526e-02, PNorm = 39.4391, GNorm = 2.6054, lr_0 = 1.0540e-04
Loss = 3.6251e-02, PNorm = 39.4424, GNorm = 0.6633, lr_0 = 1.0493e-04
Loss = 3.6888e-02, PNorm = 39.4456, GNorm = 1.6003, lr_0 = 1.0446e-04
Loss = 2.9144e-02, PNorm = 39.4483, GNorm = 1.7674, lr_0 = 1.0399e-04
Loss = 4.3195e-02, PNorm = 39.4506, GNorm = 3.0206, lr_0 = 1.0352e-04
Loss = 3.7300e-02, PNorm = 39.4534, GNorm = 2.2790, lr_0 = 1.0306e-04
Loss = 3.3161e-02, PNorm = 39.4560, GNorm = 1.7746, lr_0 = 1.0259e-04
Loss = 4.6745e-02, PNorm = 39.4584, GNorm = 2.9340, lr_0 = 1.0213e-04
Loss = 3.1333e-02, PNorm = 39.4606, GNorm = 0.6949, lr_0 = 1.0168e-04
Loss = 3.8927e-02, PNorm = 39.4636, GNorm = 3.0643, lr_0 = 1.0122e-04
Loss = 2.9013e-02, PNorm = 39.4662, GNorm = 1.2289, lr_0 = 1.0077e-04
Loss = 3.1744e-02, PNorm = 39.4692, GNorm = 1.4302, lr_0 = 1.0032e-04
Loss = 4.0228e-02, PNorm = 39.4707, GNorm = 1.2140, lr_0 = 1.0000e-04
Loss = 3.4394e-02, PNorm = 39.4721, GNorm = 1.1576, lr_0 = 1.0000e-04
Loss = 4.0177e-02, PNorm = 39.4742, GNorm = 2.6860, lr_0 = 1.0000e-04
Validation rmse = 0.364503
Model 0 best validation rmse = 0.363253 on epoch 27
Loading pretrained parameter "encoder.encoder.0.cached_zero_vector".
Loading pretrained parameter "encoder.encoder.0.W_i.weight".
Loading pretrained parameter "encoder.encoder.0.W_h.weight".
Loading pretrained parameter "encoder.encoder.0.W_o.weight".
Loading pretrained parameter "encoder.encoder.0.W_o.bias".
Loading pretrained parameter "readout.1.weight".
Loading pretrained parameter "readout.1.bias".
Loading pretrained parameter "readout.4.weight".
Loading pretrained parameter "readout.4.bias".
Model 0 test rmse = 0.341206
Ensemble test rmse = 0.341206
1-fold cross validation
	Seed 0 ==> test rmse = 0.341206
Overall test rmse = 0.341206 +/- 0.000000
Elapsed time = 5:44:32
